<?xml version="1.0" encoding="UTF-8"?>
<!-- Generated by org.testng.reporters.JUnitReportReporter -->
<testsuite hostname="LAPTOP-4H38IKCC" failures="0" tests="1" name="rivisionsylabus1.TestNG" time="0.007" errors="0" timestamp="2022-05-26T20:29:42 IST" skipped="0">
  <testcase classname="rivisionsylabus1.TestNG" name="method" time="0.007"/>
  <system-out/>
</testsuite> <!-- rivisionsylabus1.TestNG -->
